2026-05-04 03:14:35 [INFO] com.bank.model.Account - Nạp tiền thành công: tài khoản 123456789, số tiền 500.0
2026-05-04 03:14:35 [DEBUG] com.bank.model.CheckingAccount - Nạp tiền thành công: tài khoản 123456789, số tiền 500.0
2026-05-04 03:14:35 [INFO] com.bank.model.Account - Rút tiền thành công: tài khoản 123456789, số tiền 200.0
2026-05-04 03:14:35 [DEBUG] com.bank.model.CheckingAccount - Rút tiền thành công: tài khoản 123456789, số tiền 200.0
2026-05-04 09:36:10 [INFO] com.bank.model.Account - Nạp tiền thành công: tài khoản 123456789, số tiền 500.0
2026-05-04 09:36:10 [DEBUG] com.bank.model.CheckingAccount - Nạp tiền thành công: tài khoản 123456789, số tiền 500.0
2026-05-04 09:36:10 [INFO] com.bank.model.Account - Rút tiền thành công: tài khoản 123456789, số tiền 200.0
2026-05-04 09:36:10 [DEBUG] com.bank.model.CheckingAccount - Rút tiền thành công: tài khoản 123456789, số tiền 200.0
2026-05-04 09:41:59 [INFO] com.bank.model.Account - Nạp tiền thành công: tài khoản 123456789, số tiền 500.0
2026-05-04 09:41:59 [DEBUG] com.bank.model.CheckingAccount - Nạp tiền thành công: tài khoản 123456789, số tiền 500.0
2026-05-04 09:41:59 [INFO] com.bank.model.Account - Rút tiền thành công: tài khoản 123456789, số tiền 200.0
2026-05-04 09:41:59 [DEBUG] com.bank.model.CheckingAccount - Rút tiền thành công: tài khoản 123456789, số tiền 200.0
2026-05-04 09:58:54 [INFO] com.bank.model.Account - Nạp tiền thành công: tài khoản 123456789, số tiền 500.0
2026-05-04 09:58:54 [DEBUG] com.bank.model.CheckingAccount - Nạp tiền thành công: tài khoản 123456789, số tiền 500.0
2026-05-04 09:58:54 [INFO] com.bank.model.Account - Rút tiền thành công: tài khoản 123456789, số tiền 200.0
2026-05-04 09:58:54 [DEBUG] com.bank.model.CheckingAccount - Rút tiền thành công: tài khoản 123456789, số tiền 200.0
2026-05-04 10:16:24 [INFO] com.bank.model.Account - Nạp tiền thành công: tài khoản 123456789, số tiền 500.0
2026-05-04 10:16:24 [DEBUG] com.bank.model.CheckingAccount - Nạp tiền thành công: tài khoản 123456789, số tiền 500.0
2026-05-04 10:16:24 [INFO] com.bank.model.Account - Rút tiền thành công: tài khoản 123456789, số tiền 200.0
2026-05-04 10:16:24 [DEBUG] com.bank.model.CheckingAccount - Rút tiền thành công: tài khoản 123456789, số tiền 200.0
2026-05-04 10:57:54 [INFO] com.bank.model.Account - Nạp tiền thành công: tài khoản 123456789, số tiền 500.0
2026-05-04 10:57:54 [DEBUG] com.bank.model.CheckingAccount - Nạp tiền thành công: tài khoản 123456789, số tiền 500.0
2026-05-04 10:57:54 [INFO] com.bank.model.Account - Rút tiền thành công: tài khoản 123456789, số tiền 200.0
2026-05-04 10:57:54 [DEBUG] com.bank.model.CheckingAccount - Rút tiền thành công: tài khoản 123456789, số tiền 200.0
2026-05-04 10:59:05 [INFO] com.bank.model.Account - Nạp tiền thành công: tài khoản 123456789, số tiền 500.0
2026-05-04 10:59:05 [DEBUG] com.bank.model.CheckingAccount - Nạp tiền thành công: tài khoản 123456789, số tiền 500.0
2026-05-04 10:59:05 [INFO] com.bank.model.Account - Rút tiền thành công: tài khoản 123456789, số tiền 200.0
2026-05-04 10:59:05 [DEBUG] com.bank.model.CheckingAccount - Rút tiền thành công: tài khoản 123456789, số tiền 200.0
2026-05-04 11:19:48 [INFO] com.bank.model.Account - Nạp tiền thành công: tài khoản 123456789, số tiền 500.0
2026-05-04 11:19:48 [DEBUG] com.bank.model.CheckingAccount - Nạp tiền thành công: tài khoản 123456789, số tiền 500.0
2026-05-04 11:19:48 [INFO] com.bank.model.Account - Rút tiền thành công: tài khoản 123456789, số tiền 200.0
2026-05-04 11:19:48 [DEBUG] com.bank.model.CheckingAccount - Rút tiền thành công: tài khoản 123456789, số tiền 200.0
2026-05-04 11:26:48 [INFO] com.bank.model.Account - Nạp tiền thành công: tài khoản 123456789, số tiền 500.0
2026-05-04 11:26:48 [DEBUG] com.bank.model.CheckingAccount - Nạp tiền thành công: tài khoản 123456789, số tiền 500.0
2026-05-04 11:26:48 [INFO] com.bank.model.Account - Rút tiền thành công: tài khoản 123456789, số tiền 200.0
2026-05-04 11:26:48 [DEBUG] com.bank.model.CheckingAccount - Rút tiền thành công: tài khoản 123456789, số tiền 200.0
2026-05-04 11:28:44 [INFO] com.bank.model.Account - Nạp tiền thành công: tài khoản 123456789, số tiền 500.0
2026-05-04 11:28:44 [DEBUG] com.bank.model.CheckingAccount - Nạp tiền thành công: tài khoản 123456789, số tiền 500.0
2026-05-04 11:28:44 [INFO] com.bank.model.Account - Rút tiền thành công: tài khoản 123456789, số tiền 200.0
2026-05-04 11:28:44 [DEBUG] com.bank.model.CheckingAccount - Rút tiền thành công: tài khoản 123456789, số tiền 200.0
2026-05-04 11:31:45 [INFO] com.bank.model.Account - Nạp tiền thành công: tài khoản 123456789, số tiền 500.0
2026-05-04 11:31:45 [DEBUG] com.bank.model.CheckingAccount - Nạp tiền thành công: tài khoản 123456789, số tiền 500.0
2026-05-04 11:31:45 [INFO] com.bank.model.Account - Rút tiền thành công: tài khoản 123456789, số tiền 200.0
2026-05-04 11:31:45 [DEBUG] com.bank.model.CheckingAccount - Rút tiền thành công: tài khoản 123456789, số tiền 200.0
2026-05-04 11:39:42 [ERROR] com.bank.model.Account - Không đủ số dư: tài khoản 1001, số tiền rút 2000.0
2026-05-04 11:39:42 [DEBUG] com.bank.model.CheckingAccount - Lỗi khi rút tiền: Số dư tài khoản không đủ $2000.00 để thực hiện giao dịch
2026-05-04 11:39:42 [INFO] com.bank.model.Account - Rút tiền thành công: tài khoản 1001, số tiền 300.0
2026-05-04 11:39:42 [DEBUG] com.bank.model.CheckingAccount - Rút tiền thành công: tài khoản 1001, số tiền 300.0
2026-05-04 11:39:42 [INFO] com.bank.model.Account - Nạp tiền thành công: tài khoản 1001, số tiền 500.0
2026-05-04 11:39:42 [DEBUG] com.bank.model.CheckingAccount - Nạp tiền thành công: tài khoản 1001, số tiền 500.0
2026-05-04 11:39:43 [DEBUG] com.bank.model.SavingsAccount - Bắt đầu rút tiền: tài khoản 2001, số tiền 1500.0
2026-05-04 11:39:43 [ERROR] com.bank.model.SavingsAccount - Lỗi khi rút tiền
com.bank.exception.InvalidFundingAmountException: Số tiền không hợp lệ: $1500.00
	at com.bank.model.SavingsAccount.withdraw(SavingsAccount.java:76)
	at com.bank.model.SavingsAccountTest.testWithdrawOverLimit(SavingsAccountTest.java:45)
	at java.base/jdk.internal.reflect.DirectMethodHandleAccessor.invoke(DirectMethodHandleAccessor.java:104)
	at java.base/java.lang.reflect.Method.invoke(Method.java:565)
	at org.junit.platform.commons.util.ReflectionUtils.invokeMethod(ReflectionUtils.java:727)
	at org.junit.jupiter.engine.execution.MethodInvocation.proceed(MethodInvocation.java:60)
	at org.junit.jupiter.engine.execution.InvocationInterceptorChain$ValidatingInvocation.proceed(InvocationInterceptorChain.java:131)
	at org.junit.jupiter.engine.extension.TimeoutExtension.intercept(TimeoutExtension.java:156)
	at org.junit.jupiter.engine.extension.TimeoutExtension.interceptTestableMethod(TimeoutExtension.java:147)
	at org.junit.jupiter.engine.extension.TimeoutExtension.interceptTestMethod(TimeoutExtension.java:86)
	at org.junit.jupiter.engine.execution.InterceptingExecutableInvoker$ReflectiveInterceptorCall.lambda$ofVoidMethod$0(InterceptingExecutableInvoker.java:103)
	at org.junit.jupiter.engine.execution.InterceptingExecutableInvoker.lambda$invoke$0(InterceptingExecutableInvoker.java:93)
	at org.junit.jupiter.engine.execution.InvocationInterceptorChain$InterceptedInvocation.proceed(InvocationInterceptorChain.java:106)
	at org.junit.jupiter.engine.execution.InvocationInterceptorChain.proceed(InvocationInterceptorChain.java:64)
	at org.junit.jupiter.engine.execution.InvocationInterceptorChain.chainAndInvoke(InvocationInterceptorChain.java:45)
	at org.junit.jupiter.engine.execution.InvocationInterceptorChain.invoke(InvocationInterceptorChain.java:37)
	at org.junit.jupiter.engine.execution.InterceptingExecutableInvoker.invoke(InterceptingExecutableInvoker.java:92)
	at org.junit.jupiter.engine.execution.InterceptingExecutableInvoker.invoke(InterceptingExecutableInvoker.java:86)
	at org.junit.jupiter.engine.descriptor.TestMethodTestDescriptor.lambda$invokeTestMethod$7(TestMethodTestDescriptor.java:217)
	at org.junit.platform.engine.support.hierarchical.ThrowableCollector.execute(ThrowableCollector.java:73)
	at org.junit.jupiter.engine.descriptor.TestMethodTestDescriptor.invokeTestMethod(TestMethodTestDescriptor.java:213)
	at org.junit.jupiter.engine.descriptor.TestMethodTestDescriptor.execute(TestMethodTestDescriptor.java:138)
	at org.junit.jupiter.engine.descriptor.TestMethodTestDescriptor.execute(TestMethodTestDescriptor.java:68)
	at org.junit.platform.engine.support.hierarchical.NodeTestTask.lambda$executeRecursively$6(NodeTestTask.java:151)
	at org.junit.platform.engine.support.hierarchical.ThrowableCollector.execute(ThrowableCollector.java:73)
	at org.junit.platform.engine.support.hierarchical.NodeTestTask.lambda$executeRecursively$8(NodeTestTask.java:141)
	at org.junit.platform.engine.support.hierarchical.Node.around(Node.java:137)
	at org.junit.platform.engine.support.hierarchical.NodeTestTask.lambda$executeRecursively$9(NodeTestTask.java:139)
	at org.junit.platform.engine.support.hierarchical.ThrowableCollector.execute(ThrowableCollector.java:73)
	at org.junit.platform.engine.support.hierarchical.NodeTestTask.executeRecursively(NodeTestTask.java:138)
	at org.junit.platform.engine.support.hierarchical.NodeTestTask.execute(NodeTestTask.java:95)
	at java.base/java.util.ArrayList.forEach(ArrayList.java:1604)
	at org.junit.platform.engine.support.hierarchical.SameThreadHierarchicalTestExecutorService.invokeAll(SameThreadHierarchicalTestExecutorService.java:41)
	at org.junit.platform.engine.support.hierarchical.NodeTestTask.lambda$executeRecursively$6(NodeTestTask.java:155)
	at org.junit.platform.engine.support.hierarchical.ThrowableCollector.execute(ThrowableCollector.java:73)
	at org.junit.platform.engine.support.hierarchical.NodeTestTask.lambda$executeRecursively$8(NodeTestTask.java:141)
	at org.junit.platform.engine.support.hierarchical.Node.around(Node.java:137)
	at org.junit.platform.engine.support.hierarchical.NodeTestTask.lambda$executeRecursively$9(NodeTestTask.java:139)
	at org.junit.platform.engine.support.hierarchical.ThrowableCollector.execute(ThrowableCollector.java:73)
	at org.junit.platform.engine.support.hierarchical.NodeTestTask.executeRecursively(NodeTestTask.java:138)
	at org.junit.platform.engine.support.hierarchical.NodeTestTask.execute(NodeTestTask.java:95)
	at java.base/java.util.ArrayList.forEach(ArrayList.java:1604)
	at org.junit.platform.engine.support.hierarchical.SameThreadHierarchicalTestExecutorService.invokeAll(SameThreadHierarchicalTestExecutorService.java:41)
	at org.junit.platform.engine.support.hierarchical.NodeTestTask.lambda$executeRecursively$6(NodeTestTask.java:155)
	at org.junit.platform.engine.support.hierarchical.ThrowableCollector.execute(ThrowableCollector.java:73)
	at org.junit.platform.engine.support.hierarchical.NodeTestTask.lambda$executeRecursively$8(NodeTestTask.java:141)
	at org.junit.platform.engine.support.hierarchical.Node.around(Node.java:137)
	at org.junit.platform.engine.support.hierarchical.NodeTestTask.lambda$executeRecursively$9(NodeTestTask.java:139)
	at org.junit.platform.engine.support.hierarchical.ThrowableCollector.execute(ThrowableCollector.java:73)
	at org.junit.platform.engine.support.hierarchical.NodeTestTask.executeRecursively(NodeTestTask.java:138)
	at org.junit.platform.engine.support.hierarchical.NodeTestTask.execute(NodeTestTask.java:95)
	at org.junit.platform.engine.support.hierarchical.SameThreadHierarchicalTestExecutorService.submit(SameThreadHierarchicalTestExecutorService.java:35)
	at org.junit.platform.engine.support.hierarchical.HierarchicalTestExecutor.execute(HierarchicalTestExecutor.java:57)
	at org.junit.platform.engine.support.hierarchical.HierarchicalTestEngine.execute(HierarchicalTestEngine.java:54)
	at org.junit.platform.launcher.core.EngineExecutionOrchestrator.execute(EngineExecutionOrchestrator.java:147)
	at org.junit.platform.launcher.core.EngineExecutionOrchestrator.execute(EngineExecutionOrchestrator.java:127)
	at org.junit.platform.launcher.core.EngineExecutionOrchestrator.execute(EngineExecutionOrchestrator.java:90)
	at org.junit.platform.launcher.core.EngineExecutionOrchestrator.lambda$execute$0(EngineExecutionOrchestrator.java:55)
	at org.junit.platform.launcher.core.EngineExecutionOrchestrator.withInterceptedStreams(EngineExecutionOrchestrator.java:102)
	at org.junit.platform.launcher.core.EngineExecutionOrchestrator.execute(EngineExecutionOrchestrator.java:54)
	at org.junit.platform.launcher.core.DefaultLauncher.execute(DefaultLauncher.java:114)
	at org.junit.platform.launcher.core.DefaultLauncher.execute(DefaultLauncher.java:86)
	at org.junit.platform.launcher.core.DefaultLauncherSession$DelegatingLauncher.execute(DefaultLauncherSession.java:86)
	at org.apache.maven.surefire.junitplatform.LazyLauncher.execute(LazyLauncher.java:56)
	at org.apache.maven.surefire.junitplatform.JUnitPlatformProvider.execute(JUnitPlatformProvider.java:184)
	at org.apache.maven.surefire.junitplatform.JUnitPlatformProvider.invokeAllTests(JUnitPlatformProvider.java:148)
	at org.apache.maven.surefire.junitplatform.JUnitPlatformProvider.invoke(JUnitPlatformProvider.java:122)
	at org.apache.maven.surefire.booter.ForkedBooter.runSuitesInProcess(ForkedBooter.java:385)
	at org.apache.maven.surefire.booter.ForkedBooter.execute(ForkedBooter.java:162)
	at org.apache.maven.surefire.booter.ForkedBooter.run(ForkedBooter.java:507)
	at org.apache.maven.surefire.booter.ForkedBooter.main(ForkedBooter.java:495)
2026-05-04 11:39:43 [DEBUG] com.bank.model.SavingsAccount - Bắt đầu rút tiền: tài khoản 2001, số tiền 500.0
2026-05-04 11:39:43 [INFO] com.bank.model.Account - Rút tiền thành công: tài khoản 2001, số tiền 500.0
2026-05-04 11:39:43 [DEBUG] com.bank.model.SavingsAccount - Rút tiền thành công: tài khoản 2001, số tiền 500.0
2026-05-04 11:39:43 [DEBUG] com.bank.model.SavingsAccount - Bắt đầu nạp tiền: tài khoản 2001, số tiền 500.0
2026-05-04 11:39:43 [INFO] com.bank.model.Account - Nạp tiền thành công: tài khoản 2001, số tiền 500.0
2026-05-04 11:39:43 [DEBUG] com.bank.model.SavingsAccount - Nạp tiền thành công: tài khoản 2001, số tiền 500.0
2026-05-04 11:47:23 [WARN] com.bank.model.Account - Số tiền rút không hợp lệ: -100.0
2026-05-04 11:47:23 [DEBUG] com.bank.model.CheckingAccount - Lỗi khi rút tiền: Số tiền không hợp lệ: $-100.00
2026-05-04 11:47:23 [INFO] com.bank.model.Account - Nạp tiền thành công: tài khoản 1001, số tiền 500.0
2026-05-04 11:47:23 [DEBUG] com.bank.model.CheckingAccount - Nạp tiền thành công: tài khoản 1001, số tiền 500.0
2026-05-04 11:47:23 [INFO] com.bank.model.Account - Rút tiền thành công: tài khoản 1001, số tiền 300.0
2026-05-04 11:47:23 [DEBUG] com.bank.model.CheckingAccount - Rút tiền thành công: tài khoản 1001, số tiền 300.0
2026-05-04 11:47:23 [INFO] com.bank.model.Account - Đã lấy lịch sử giao dịch của tài khoản 1001
2026-05-04 11:47:23 [WARN] com.bank.model.Account - Số tiền nạp không hợp lệ: -100.0
2026-05-04 11:47:23 [DEBUG] com.bank.model.CheckingAccount - Lỗi khi nạp tiền: Số tiền không hợp lệ: $-100.00
2026-05-04 11:47:23 [DEBUG] com.bank.model.Bank - Bắt đầu đọc dữ liệu khách hàng
2026-05-04 11:47:23 [DEBUG] com.bank.model.Bank - Thêm khách hàng: Nguyen Van A
2026-05-04 11:47:23 [DEBUG] com.bank.model.Bank - Thêm khách hàng: Tran Van B
2026-05-04 11:47:23 [DEBUG] com.bank.model.Bank - Bắt đầu đọc dữ liệu khách hàng
2026-05-04 11:47:23 [WARN] com.bank.model.Bank - InputStream là null
2026-05-04 11:47:23 [ERROR] com.bank.model.Account - Không đủ số dư: tài khoản 1001, số tiền rút 2000.0
2026-05-04 11:47:23 [DEBUG] com.bank.model.CheckingAccount - Lỗi khi rút tiền: Số dư tài khoản không đủ $2000.00 để thực hiện giao dịch
2026-05-04 11:47:23 [INFO] com.bank.model.Account - Rút tiền thành công: tài khoản 1001, số tiền 300.0
2026-05-04 11:47:23 [DEBUG] com.bank.model.CheckingAccount - Rút tiền thành công: tài khoản 1001, số tiền 300.0
2026-05-04 11:47:23 [INFO] com.bank.model.Account - Nạp tiền thành công: tài khoản 1001, số tiền 500.0
2026-05-04 11:47:23 [DEBUG] com.bank.model.CheckingAccount - Nạp tiền thành công: tài khoản 1001, số tiền 500.0
2026-05-04 11:47:23 [DEBUG] com.bank.model.SavingsAccount - Bắt đầu rút tiền: tài khoản 2001, số tiền 1500.0
2026-05-04 11:47:23 [ERROR] com.bank.model.SavingsAccount - Lỗi khi rút tiền
com.bank.exception.InvalidFundingAmountException: Số tiền không hợp lệ: $1500.00
	at com.bank.model.SavingsAccount.withdraw(SavingsAccount.java:76)
	at com.bank.model.SavingsAccountTest.testWithdrawOverLimit(SavingsAccountTest.java:45)
	at java.base/jdk.internal.reflect.DirectMethodHandleAccessor.invoke(DirectMethodHandleAccessor.java:104)
	at java.base/java.lang.reflect.Method.invoke(Method.java:565)
	at org.junit.platform.commons.util.ReflectionUtils.invokeMethod(ReflectionUtils.java:727)
	at org.junit.jupiter.engine.execution.MethodInvocation.proceed(MethodInvocation.java:60)
	at org.junit.jupiter.engine.execution.InvocationInterceptorChain$ValidatingInvocation.proceed(InvocationInterceptorChain.java:131)
	at org.junit.jupiter.engine.extension.TimeoutExtension.intercept(TimeoutExtension.java:156)
	at org.junit.jupiter.engine.extension.TimeoutExtension.interceptTestableMethod(TimeoutExtension.java:147)
	at org.junit.jupiter.engine.extension.TimeoutExtension.interceptTestMethod(TimeoutExtension.java:86)
	at org.junit.jupiter.engine.execution.InterceptingExecutableInvoker$ReflectiveInterceptorCall.lambda$ofVoidMethod$0(InterceptingExecutableInvoker.java:103)
	at org.junit.jupiter.engine.execution.InterceptingExecutableInvoker.lambda$invoke$0(InterceptingExecutableInvoker.java:93)
	at org.junit.jupiter.engine.execution.InvocationInterceptorChain$InterceptedInvocation.proceed(InvocationInterceptorChain.java:106)
	at org.junit.jupiter.engine.execution.InvocationInterceptorChain.proceed(InvocationInterceptorChain.java:64)
	at org.junit.jupiter.engine.execution.InvocationInterceptorChain.chainAndInvoke(InvocationInterceptorChain.java:45)
	at org.junit.jupiter.engine.execution.InvocationInterceptorChain.invoke(InvocationInterceptorChain.java:37)
	at org.junit.jupiter.engine.execution.InterceptingExecutableInvoker.invoke(InterceptingExecutableInvoker.java:92)
	at org.junit.jupiter.engine.execution.InterceptingExecutableInvoker.invoke(InterceptingExecutableInvoker.java:86)
	at org.junit.jupiter.engine.descriptor.TestMethodTestDescriptor.lambda$invokeTestMethod$7(TestMethodTestDescriptor.java:217)
	at org.junit.platform.engine.support.hierarchical.ThrowableCollector.execute(ThrowableCollector.java:73)
	at org.junit.jupiter.engine.descriptor.TestMethodTestDescriptor.invokeTestMethod(TestMethodTestDescriptor.java:213)
	at org.junit.jupiter.engine.descriptor.TestMethodTestDescriptor.execute(TestMethodTestDescriptor.java:138)
	at org.junit.jupiter.engine.descriptor.TestMethodTestDescriptor.execute(TestMethodTestDescriptor.java:68)
	at org.junit.platform.engine.support.hierarchical.NodeTestTask.lambda$executeRecursively$6(NodeTestTask.java:151)
	at org.junit.platform.engine.support.hierarchical.ThrowableCollector.execute(ThrowableCollector.java:73)
	at org.junit.platform.engine.support.hierarchical.NodeTestTask.lambda$executeRecursively$8(NodeTestTask.java:141)
	at org.junit.platform.engine.support.hierarchical.Node.around(Node.java:137)
	at org.junit.platform.engine.support.hierarchical.NodeTestTask.lambda$executeRecursively$9(NodeTestTask.java:139)
	at org.junit.platform.engine.support.hierarchical.ThrowableCollector.execute(ThrowableCollector.java:73)
	at org.junit.platform.engine.support.hierarchical.NodeTestTask.executeRecursively(NodeTestTask.java:138)
	at org.junit.platform.engine.support.hierarchical.NodeTestTask.execute(NodeTestTask.java:95)
	at java.base/java.util.ArrayList.forEach(ArrayList.java:1604)
	at org.junit.platform.engine.support.hierarchical.SameThreadHierarchicalTestExecutorService.invokeAll(SameThreadHierarchicalTestExecutorService.java:41)
	at org.junit.platform.engine.support.hierarchical.NodeTestTask.lambda$executeRecursively$6(NodeTestTask.java:155)
	at org.junit.platform.engine.support.hierarchical.ThrowableCollector.execute(ThrowableCollector.java:73)
	at org.junit.platform.engine.support.hierarchical.NodeTestTask.lambda$executeRecursively$8(NodeTestTask.java:141)
	at org.junit.platform.engine.support.hierarchical.Node.around(Node.java:137)
	at org.junit.platform.engine.support.hierarchical.NodeTestTask.lambda$executeRecursively$9(NodeTestTask.java:139)
	at org.junit.platform.engine.support.hierarchical.ThrowableCollector.execute(ThrowableCollector.java:73)
	at org.junit.platform.engine.support.hierarchical.NodeTestTask.executeRecursively(NodeTestTask.java:138)
	at org.junit.platform.engine.support.hierarchical.NodeTestTask.execute(NodeTestTask.java:95)
	at java.base/java.util.ArrayList.forEach(ArrayList.java:1604)
	at org.junit.platform.engine.support.hierarchical.SameThreadHierarchicalTestExecutorService.invokeAll(SameThreadHierarchicalTestExecutorService.java:41)
	at org.junit.platform.engine.support.hierarchical.NodeTestTask.lambda$executeRecursively$6(NodeTestTask.java:155)
	at org.junit.platform.engine.support.hierarchical.ThrowableCollector.execute(ThrowableCollector.java:73)
	at org.junit.platform.engine.support.hierarchical.NodeTestTask.lambda$executeRecursively$8(NodeTestTask.java:141)
	at org.junit.platform.engine.support.hierarchical.Node.around(Node.java:137)
	at org.junit.platform.engine.support.hierarchical.NodeTestTask.lambda$executeRecursively$9(NodeTestTask.java:139)
	at org.junit.platform.engine.support.hierarchical.ThrowableCollector.execute(ThrowableCollector.java:73)
	at org.junit.platform.engine.support.hierarchical.NodeTestTask.executeRecursively(NodeTestTask.java:138)
	at org.junit.platform.engine.support.hierarchical.NodeTestTask.execute(NodeTestTask.java:95)
	at org.junit.platform.engine.support.hierarchical.SameThreadHierarchicalTestExecutorService.submit(SameThreadHierarchicalTestExecutorService.java:35)
	at org.junit.platform.engine.support.hierarchical.HierarchicalTestExecutor.execute(HierarchicalTestExecutor.java:57)
	at org.junit.platform.engine.support.hierarchical.HierarchicalTestEngine.execute(HierarchicalTestEngine.java:54)
	at org.junit.platform.launcher.core.EngineExecutionOrchestrator.execute(EngineExecutionOrchestrator.java:147)
	at org.junit.platform.launcher.core.EngineExecutionOrchestrator.execute(EngineExecutionOrchestrator.java:127)
	at org.junit.platform.launcher.core.EngineExecutionOrchestrator.execute(EngineExecutionOrchestrator.java:90)
	at org.junit.platform.launcher.core.EngineExecutionOrchestrator.lambda$execute$0(EngineExecutionOrchestrator.java:55)
	at org.junit.platform.launcher.core.EngineExecutionOrchestrator.withInterceptedStreams(EngineExecutionOrchestrator.java:102)
	at org.junit.platform.launcher.core.EngineExecutionOrchestrator.execute(EngineExecutionOrchestrator.java:54)
	at org.junit.platform.launcher.core.DefaultLauncher.execute(DefaultLauncher.java:114)
	at org.junit.platform.launcher.core.DefaultLauncher.execute(DefaultLauncher.java:86)
	at org.junit.platform.launcher.core.DefaultLauncherSession$DelegatingLauncher.execute(DefaultLauncherSession.java:86)
	at org.apache.maven.surefire.junitplatform.LazyLauncher.execute(LazyLauncher.java:56)
	at org.apache.maven.surefire.junitplatform.JUnitPlatformProvider.execute(JUnitPlatformProvider.java:184)
	at org.apache.maven.surefire.junitplatform.JUnitPlatformProvider.invokeAllTests(JUnitPlatformProvider.java:148)
	at org.apache.maven.surefire.junitplatform.JUnitPlatformProvider.invoke(JUnitPlatformProvider.java:122)
	at org.apache.maven.surefire.booter.ForkedBooter.runSuitesInProcess(ForkedBooter.java:385)
	at org.apache.maven.surefire.booter.ForkedBooter.execute(ForkedBooter.java:162)
	at org.apache.maven.surefire.booter.ForkedBooter.run(ForkedBooter.java:507)
	at org.apache.maven.surefire.booter.ForkedBooter.main(ForkedBooter.java:495)
2026-05-04 11:47:23 [DEBUG] com.bank.model.SavingsAccount - Bắt đầu rút tiền: tài khoản 2001, số tiền 500.0
2026-05-04 11:47:23 [INFO] com.bank.model.Account - Rút tiền thành công: tài khoản 2001, số tiền 500.0
2026-05-04 11:47:23 [DEBUG] com.bank.model.SavingsAccount - Rút tiền thành công: tài khoản 2001, số tiền 500.0
2026-05-04 11:47:23 [DEBUG] com.bank.model.SavingsAccount - Bắt đầu nạp tiền: tài khoản 2001, số tiền 500.0
2026-05-04 11:47:23 [INFO] com.bank.model.Account - Nạp tiền thành công: tài khoản 2001, số tiền 500.0
2026-05-04 11:47:23 [DEBUG] com.bank.model.SavingsAccount - Nạp tiền thành công: tài khoản 2001, số tiền 500.0
